e:\clr\instructional_software\instructional_software\debug\vc140.pdb
e:\clr\instructional_software\instructional_software\debug\实验1选用组件.obj
e:\clr\instructional_software\instructional_software\debug\实验1实验目的.obj
e:\clr\instructional_software\instructional_software\debug\实验1.obj
e:\clr\instructional_software\instructional_software\debug\mainwnd.obj
e:\clr\instructional_software\instructional_software\debug\main.obj
e:\clr\instructional_software\instructional_software\debug\.netframework,version=v4.5.2.assemblyattributes.obj
e:\clr\instructional_software\instructional_software\debug\.netframework,version=v4.5.2.assemblyattributes.asm
e:\clr\instructional_software\instructional_software\debug\实验1实验方法1.obj
e:\clr\instructional_software\instructional_software\debug\实验1实验方法2.obj
e:\clr\instructional_software\instructional_software\debug\实验1实验方法3.obj
e:\clr\instructional_software\instructional_software\debug\实验1讨论题.obj
e:\clr\instructional_software\instructional_software\debug\source.obj
e:\clr\instructional_software\instructional_software\debug\base.obj
e:\clr\instructional_software\instructional_software\debug\实验2.obj
e:\clr\instructional_software\instructional_software\debug\实验2实验目的.obj
e:\clr\instructional_software\instructional_software\debug\实验2选用组件.obj
e:\clr\instructional_software\instructional_software\debug\实验2讨论题.obj
e:\clr\instructional_software\instructional_software\debug\实验2实验方法4.obj
e:\clr\instructional_software\instructional_software\debug\实验2实验方法3.obj
e:\clr\instructional_software\instructional_software\debug\实验2实验方法2.obj
e:\clr\instructional_software\instructional_software\debug\主窗体.obj
e:\clr\instructional_software\instructional_software\debug\实验2实验方法1.obj
e:\clr\instructional_software\instructional_software\debug\实验3讨论题.obj
e:\clr\instructional_software\instructional_software\debug\实验3实验目的.obj
e:\clr\instructional_software\instructional_software\debug\实验3实验方法.obj
e:\clr\instructional_software\instructional_software\debug\实验3选用组件.obj
e:\clr\instructional_software\instructional_software\debug\实验3.obj
e:\clr\instructional_software\instructional_software\debug\实验4讨论题.obj
e:\clr\instructional_software\instructional_software\debug\实验4实验部件.obj
e:\clr\instructional_software\instructional_software\debug\实验4实验目的.obj
e:\clr\instructional_software\instructional_software\debug\实验4实验方法3.obj
e:\clr\instructional_software\instructional_software\debug\实验4实验方法2.obj
e:\clr\instructional_software\instructional_software\debug\实验4实验方法1.obj
e:\clr\instructional_software\instructional_software\debug\实验4.obj
e:\clr\instructional_software\instructional_software\debug\实验5选用组件.obj
e:\clr\instructional_software\instructional_software\debug\实验5讨论题.obj
e:\clr\instructional_software\instructional_software\debug\实验5实验目的.obj
e:\clr\instructional_software\instructional_software\debug\实验5实验方法.obj
e:\clr\instructional_software\instructional_software\debug\实验5.obj
e:\clr\instructional_software\instructional_software\debug\instructional_software.mainwnd.resources
e:\clr\instructional_software\instructional_software\debug\instructional_software.实验1.resources
e:\clr\instructional_software\instructional_software\debug\instructional_software.实验1实验目的.resources
e:\clr\instructional_software\instructional_software\debug\instructional_software.实验1选用组件.resources
e:\clr\instructional_software\instructional_software\debug\instructional_software.实验1实验方法1.resources
e:\clr\instructional_software\instructional_software\debug\instructional_software.实验1实验方法2.resources
e:\clr\instructional_software\instructional_software\debug\instructional_software.实验1实验方法3.resources
e:\clr\instructional_software\instructional_software\debug\instructional_software.实验1讨论题.resources
e:\clr\instructional_software\instructional_software\debug\instructional_software.实验2.resources
e:\clr\instructional_software\instructional_software\debug\instructional_software.实验2实验方法1.resources
e:\clr\instructional_software\instructional_software\debug\instructional_software.实验2实验方法2.resources
e:\clr\instructional_software\instructional_software\debug\instructional_software.实验2实验方法3.resources
e:\clr\instructional_software\instructional_software\debug\instructional_software.实验2实验方法4.resources
e:\clr\instructional_software\instructional_software\debug\instructional_software.实验2实验目的.resources
e:\clr\instructional_software\instructional_software\debug\instructional_software.实验2讨论题.resources
e:\clr\instructional_software\instructional_software\debug\instructional_software.实验2选用组件.resources
e:\clr\instructional_software\instructional_software\debug\instructional_software.主窗体.resources
e:\clr\instructional_software\instructional_software\debug\instructional_software.实验3.resources
e:\clr\instructional_software\instructional_software\debug\instructional_software.实验3实验方法.resources
e:\clr\instructional_software\instructional_software\debug\instructional_software.实验3实验目的.resources
e:\clr\instructional_software\instructional_software\debug\instructional_software.实验3讨论题.resources
e:\clr\instructional_software\instructional_software\debug\instructional_software.实验3选用组件.resources
e:\clr\instructional_software\instructional_software\debug\instructional_software.实验4.resources
e:\clr\instructional_software\instructional_software\debug\instructional_software.实验4实验方法1.resources
e:\clr\instructional_software\instructional_software\debug\instructional_software.实验4实验方法2.resources
e:\clr\instructional_software\instructional_software\debug\instructional_software.实验4实验方法3.resources
e:\clr\instructional_software\instructional_software\debug\instructional_software.实验4实验目的.resources
e:\clr\instructional_software\instructional_software\debug\instructional_software.实验4实验部件.resources
e:\clr\instructional_software\instructional_software\debug\instructional_software.实验4讨论题.resources
e:\clr\instructional_software\instructional_software\debug\instructional_software.实验5.resources
e:\clr\instructional_software\instructional_software\debug\instructional_software.实验5实验方法.resources
e:\clr\instructional_software\instructional_software\debug\instructional_software.实验5实验目的.resources
e:\clr\instructional_software\instructional_software\debug\instructional_software.实验5讨论题.resources
e:\clr\instructional_software\instructional_software\debug\instructional_software.实验5选用组件.resources
e:\clr\instructional_software\debug\instructional_software.exe
e:\clr\instructional_software\debug\instructional_software.pdb
e:\clr\instructional_software\instructional_software\debug\instructional_software.vcxproj.generateresource.cache
e:\clr\instructional_software\instructional_software\debug\instructional_software.vcxprojresolveassemblyreference.cache
e:\clr\instructional_software\instructional_software\debug\instruct.5250b8a4.tlog\cl.command.1.tlog
e:\clr\instructional_software\instructional_software\debug\instruct.5250b8a4.tlog\cl.read.1.tlog
e:\clr\instructional_software\instructional_software\debug\instruct.5250b8a4.tlog\cl.write.1.tlog
e:\clr\instructional_software\instructional_software\debug\instruct.5250b8a4.tlog\instructional_software.write.1u.tlog
e:\clr\instructional_software\instructional_software\debug\instruct.5250b8a4.tlog\link.command.1.tlog
e:\clr\instructional_software\instructional_software\debug\instruct.5250b8a4.tlog\link.read.1.tlog
e:\clr\instructional_software\instructional_software\debug\instruct.5250b8a4.tlog\link.write.1.tlog
e:\clr\instructional_software\instructional_software\debug\instruct.5250b8a4.tlog\metagen.read.1.tlog
e:\clr\instructional_software\instructional_software\debug\instruct.5250b8a4.tlog\metagen.write.1.tlog
e:\clr\instructional_software\instructional_software\debug\instruct.5250b8a4.tlog\rsaenh.dll.bi
e:\clr\instructional_software\instructional_software\debug\instruct.5250b8a4.tlog\tzres.dll.bi
